{"D:\\Stadium Pulse\\packages\\ai\\src\\client.ts": {"path":"D:\\Stadium Pulse\\packages\\ai\\src\\client.ts","all":false,"statementMap":{"0":{"start":{"line":1,"column":0},"end":{"line":1,"column":44}},"1":{"start":{"line":2,"column":0},"end":{"line":2,"column":42}},"2":{"start":{"line":3,"column":0},"end":{"line":3,"column":33}},"3":{"start":{"line":4,"column":0},"end":{"line":4,"column":0}},"4":{"start":{"line":5,"column":0},"end":{"line":5,"column":16}},"5":{"start":{"line":6,"column":0},"end":{"line":6,"column":0}},"6":{"start":{"line":7,"column":0},"end":{"line":7,"column":23}},"7":{"start":{"line":8,"column":0},"end":{"line":8,"column":51}},"8":{"start":{"line":9,"column":0},"end":{"line":9,"column":80}},"9":{"start":{"line":10,"column":0},"end":{"line":10,"column":51}},"10":{"start":{"line":11,"column":0},"end":{"line":11,"column":39}},"11":{"start":{"line":12,"column":0},"end":{"line":12,"column":0}},"12":{"start":{"line":13,"column":0},"end":{"line":13,"column":58}},"13":{"start":{"line":14,"column":0},"end":{"line":14,"column":52}},"14":{"start":{"line":15,"column":0},"end":{"line":15,"column":47}},"15":{"start":{"line":16,"column":0},"end":{"line":16,"column":66}},"16":{"start":{"line":17,"column":0},"end":{"line":17,"column":52}},"17":{"start":{"line":18,"column":0},"end":{"line":18,"column":67}},"18":{"start":{"line":19,"column":0},"end":{"line":19,"column":43}},"19":{"start":{"line":20,"column":0},"end":{"line":20,"column":33}},"20":{"start":{"line":21,"column":0},"end":{"line":21,"column":47}},"21":{"start":{"line":22,"column":0},"end":{"line":22,"column":26}},"22":{"start":{"line":23,"column":0},"end":{"line":23,"column":2}},"23":{"start":{"line":24,"column":0},"end":{"line":24,"column":0}},"24":{"start":{"line":25,"column":0},"end":{"line":25,"column":68}},"25":{"start":{"line":26,"column":0},"end":{"line":26,"column":78}},"26":{"start":{"line":27,"column":0},"end":{"line":27,"column":48}},"27":{"start":{"line":28,"column":0},"end":{"line":28,"column":42}},"28":{"start":{"line":29,"column":0},"end":{"line":29,"column":47}},"29":{"start":{"line":30,"column":0},"end":{"line":30,"column":0}},"30":{"start":{"line":31,"column":0},"end":{"line":31,"column":28}},"31":{"start":{"line":32,"column":0},"end":{"line":32,"column":32}},"32":{"start":{"line":33,"column":0},"end":{"line":33,"column":39}},"33":{"start":{"line":34,"column":0},"end":{"line":34,"column":0}},"34":{"start":{"line":35,"column":0},"end":{"line":35,"column":51}},"35":{"start":{"line":36,"column":0},"end":{"line":36,"column":39}},"36":{"start":{"line":37,"column":0},"end":{"line":37,"column":35}},"37":{"start":{"line":38,"column":0},"end":{"line":38,"column":30}},"38":{"start":{"line":39,"column":0},"end":{"line":39,"column":44}},"39":{"start":{"line":40,"column":0},"end":{"line":40,"column":35}},"40":{"start":{"line":41,"column":0},"end":{"line":41,"column":25}},"41":{"start":{"line":42,"column":0},"end":{"line":42,"column":9}},"42":{"start":{"line":43,"column":0},"end":{"line":43,"column":28}},"43":{"start":{"line":44,"column":0},"end":{"line":44,"column":7}},"44":{"start":{"line":45,"column":0},"end":{"line":45,"column":5}},"45":{"start":{"line":46,"column":0},"end":{"line":46,"column":3}},"46":{"start":{"line":47,"column":0},"end":{"line":47,"column":33}},"47":{"start":{"line":48,"column":0},"end":{"line":48,"column":1}},"48":{"start":{"line":49,"column":0},"end":{"line":49,"column":0}},"49":{"start":{"line":50,"column":0},"end":{"line":50,"column":60}},"50":{"start":{"line":51,"column":0},"end":{"line":51,"column":479}},"51":{"start":{"line":52,"column":0},"end":{"line":52,"column":0}},"52":{"start":{"line":53,"column":0},"end":{"line":53,"column":12}},"53":{"start":{"line":54,"column":0},"end":{"line":54,"column":22}},"54":{"start":{"line":55,"column":0},"end":{"line":55,"column":2}},"55":{"start":{"line":56,"column":0},"end":{"line":56,"column":0}},"56":{"start":{"line":57,"column":0},"end":{"line":57,"column":82}},"57":{"start":{"line":58,"column":0},"end":{"line":58,"column":64}},"58":{"start":{"line":59,"column":0},"end":{"line":59,"column":39}},"59":{"start":{"line":60,"column":0},"end":{"line":60,"column":2}},"60":{"start":{"line":61,"column":0},"end":{"line":61,"column":18}},"61":{"start":{"line":62,"column":0},"end":{"line":62,"column":88}},"62":{"start":{"line":63,"column":0},"end":{"line":63,"column":81}},"63":{"start":{"line":64,"column":0},"end":{"line":64,"column":0}},"64":{"start":{"line":65,"column":0},"end":{"line":65,"column":49}},"65":{"start":{"line":66,"column":0},"end":{"line":66,"column":33}},"66":{"start":{"line":67,"column":0},"end":{"line":67,"column":117}},"67":{"start":{"line":68,"column":0},"end":{"line":68,"column":36}},"68":{"start":{"line":69,"column":0},"end":{"line":69,"column":5}},"69":{"start":{"line":70,"column":0},"end":{"line":70,"column":3}},"70":{"start":{"line":71,"column":0},"end":{"line":71,"column":26}},"71":{"start":{"line":72,"column":0},"end":{"line":72,"column":111}},"72":{"start":{"line":73,"column":0},"end":{"line":73,"column":33}},"73":{"start":{"line":74,"column":0},"end":{"line":74,"column":5}},"74":{"start":{"line":75,"column":0},"end":{"line":75,"column":3}},"75":{"start":{"line":76,"column":0},"end":{"line":76,"column":0}},"76":{"start":{"line":77,"column":0},"end":{"line":77,"column":25}},"77":{"start":{"line":78,"column":0},"end":{"line":78,"column":1}},"78":{"start":{"line":79,"column":0},"end":{"line":79,"column":0}},"79":{"start":{"line":80,"column":0},"end":{"line":80,"column":70}},"80":{"start":{"line":81,"column":0},"end":{"line":81,"column":71}},"81":{"start":{"line":82,"column":0},"end":{"line":82,"column":58}},"82":{"start":{"line":83,"column":0},"end":{"line":83,"column":27}},"83":{"start":{"line":84,"column":0},"end":{"line":84,"column":34}},"84":{"start":{"line":85,"column":0},"end":{"line":85,"column":114}},"85":{"start":{"line":86,"column":0},"end":{"line":86,"column":45}},"86":{"start":{"line":87,"column":0},"end":{"line":87,"column":5}},"87":{"start":{"line":88,"column":0},"end":{"line":88,"column":41}},"88":{"start":{"line":89,"column":0},"end":{"line":89,"column":3}},"89":{"start":{"line":90,"column":0},"end":{"line":90,"column":41}},"90":{"start":{"line":91,"column":0},"end":{"line":91,"column":1}},"91":{"start":{"line":92,"column":0},"end":{"line":92,"column":0}},"92":{"start":{"line":93,"column":0},"end":{"line":93,"column":93}},"93":{"start":{"line":94,"column":0},"end":{"line":94,"column":57}},"94":{"start":{"line":95,"column":0},"end":{"line":95,"column":0}},"95":{"start":{"line":96,"column":0},"end":{"line":96,"column":52}},"96":{"start":{"line":97,"column":0},"end":{"line":97,"column":51}},"97":{"start":{"line":98,"column":0},"end":{"line":98,"column":27}},"98":{"start":{"line":99,"column":0},"end":{"line":99,"column":5}},"99":{"start":{"line":100,"column":0},"end":{"line":100,"column":2}},"100":{"start":{"line":101,"column":0},"end":{"line":101,"column":47}},"101":{"start":{"line":102,"column":0},"end":{"line":102,"column":0}},"102":{"start":{"line":103,"column":0},"end":{"line":103,"column":23}},"103":{"start":{"line":104,"column":0},"end":{"line":104,"column":58}},"104":{"start":{"line":105,"column":0},"end":{"line":105,"column":36}},"105":{"start":{"line":106,"column":0},"end":{"line":106,"column":15}},"106":{"start":{"line":107,"column":0},"end":{"line":107,"column":19}},"107":{"start":{"line":108,"column":0},"end":{"line":108,"column":19}},"108":{"start":{"line":109,"column":0},"end":{"line":109,"column":24}},"109":{"start":{"line":110,"column":0},"end":{"line":110,"column":29}},"110":{"start":{"line":111,"column":0},"end":{"line":111,"column":60}},"111":{"start":{"line":112,"column":0},"end":{"line":112,"column":22}},"112":{"start":{"line":113,"column":0},"end":{"line":113,"column":8}},"113":{"start":{"line":114,"column":0},"end":{"line":114,"column":28}},"114":{"start":{"line":115,"column":0},"end":{"line":115,"column":15}},"115":{"start":{"line":116,"column":0},"end":{"line":116,"column":19}},"116":{"start":{"line":117,"column":0},"end":{"line":117,"column":27}},"117":{"start":{"line":118,"column":0},"end":{"line":118,"column":35}},"118":{"start":{"line":119,"column":0},"end":{"line":119,"column":7}},"119":{"start":{"line":120,"column":0},"end":{"line":120,"column":4}},"120":{"start":{"line":121,"column":0},"end":{"line":121,"column":0}},"121":{"start":{"line":122,"column":0},"end":{"line":122,"column":59}},"122":{"start":{"line":123,"column":0},"end":{"line":123,"column":0}},"123":{"start":{"line":124,"column":0},"end":{"line":124,"column":21}},"124":{"start":{"line":125,"column":0},"end":{"line":125,"column":30}},"125":{"start":{"line":126,"column":0},"end":{"line":126,"column":69}},"126":{"start":{"line":127,"column":0},"end":{"line":127,"column":36}},"127":{"start":{"line":128,"column":0},"end":{"line":128,"column":80}},"128":{"start":{"line":129,"column":0},"end":{"line":129,"column":31}},"129":{"start":{"line":130,"column":0},"end":{"line":130,"column":120}},"130":{"start":{"line":131,"column":0},"end":{"line":131,"column":12}},"131":{"start":{"line":132,"column":0},"end":{"line":132,"column":155}},"132":{"start":{"line":133,"column":0},"end":{"line":133,"column":5}},"133":{"start":{"line":134,"column":0},"end":{"line":134,"column":10}},"134":{"start":{"line":135,"column":0},"end":{"line":135,"column":9}},"135":{"start":{"line":136,"column":0},"end":{"line":136,"column":56}},"136":{"start":{"line":137,"column":0},"end":{"line":137,"column":34}},"137":{"start":{"line":138,"column":0},"end":{"line":138,"column":19}},"138":{"start":{"line":139,"column":0},"end":{"line":139,"column":114}},"139":{"start":{"line":140,"column":0},"end":{"line":140,"column":108}},"140":{"start":{"line":141,"column":0},"end":{"line":141,"column":9}},"141":{"start":{"line":142,"column":0},"end":{"line":142,"column":9}},"142":{"start":{"line":143,"column":0},"end":{"line":143,"column":38}},"143":{"start":{"line":144,"column":0},"end":{"line":144,"column":17}},"144":{"start":{"line":145,"column":0},"end":{"line":145,"column":74}},"145":{"start":{"line":146,"column":0},"end":{"line":146,"column":155}},"146":{"start":{"line":147,"column":0},"end":{"line":147,"column":5}},"147":{"start":{"line":148,"column":0},"end":{"line":148,"column":3}},"148":{"start":{"line":149,"column":0},"end":{"line":149,"column":0}},"149":{"start":{"line":150,"column":0},"end":{"line":150,"column":84}},"150":{"start":{"line":151,"column":0},"end":{"line":151,"column":58}},"151":{"start":{"line":152,"column":0},"end":{"line":152,"column":0}},"152":{"start":{"line":153,"column":0},"end":{"line":153,"column":109}},"153":{"start":{"line":154,"column":0},"end":{"line":154,"column":125}},"154":{"start":{"line":155,"column":0},"end":{"line":155,"column":51}},"155":{"start":{"line":156,"column":0},"end":{"line":156,"column":3}},"156":{"start":{"line":157,"column":0},"end":{"line":157,"column":0}},"157":{"start":{"line":158,"column":0},"end":{"line":158,"column":51}},"158":{"start":{"line":159,"column":0},"end":{"line":159,"column":35}},"159":{"start":{"line":160,"column":0},"end":{"line":160,"column":35}},"160":{"start":{"line":161,"column":0},"end":{"line":161,"column":43}},"161":{"start":{"line":162,"column":0},"end":{"line":162,"column":69}},"162":{"start":{"line":163,"column":0},"end":{"line":163,"column":25}},"163":{"start":{"line":164,"column":0},"end":{"line":164,"column":43}},"164":{"start":{"line":165,"column":0},"end":{"line":165,"column":12}},"165":{"start":{"line":166,"column":0},"end":{"line":166,"column":64}},"166":{"start":{"line":167,"column":0},"end":{"line":167,"column":24}},"167":{"start":{"line":168,"column":0},"end":{"line":168,"column":38}},"168":{"start":{"line":169,"column":0},"end":{"line":169,"column":7}},"169":{"start":{"line":170,"column":0},"end":{"line":170,"column":5}},"170":{"start":{"line":171,"column":0},"end":{"line":171,"column":3}},"171":{"start":{"line":172,"column":0},"end":{"line":172,"column":2}},"172":{"start":{"line":173,"column":0},"end":{"line":173,"column":60}},"173":{"start":{"line":174,"column":0},"end":{"line":174,"column":101}},"174":{"start":{"line":175,"column":0},"end":{"line":175,"column":0}},"175":{"start":{"line":176,"column":0},"end":{"line":176,"column":19}},"176":{"start":{"line":177,"column":0},"end":{"line":177,"column":31}},"177":{"start":{"line":178,"column":0},"end":{"line":178,"column":11}},"178":{"start":{"line":179,"column":0},"end":{"line":179,"column":16}},"179":{"start":{"line":180,"column":0},"end":{"line":180,"column":12}},"180":{"start":{"line":181,"column":0},"end":{"line":181,"column":29}},"181":{"start":{"line":182,"column":0},"end":{"line":182,"column":26}},"182":{"start":{"line":183,"column":0},"end":{"line":183,"column":55}},"183":{"start":{"line":184,"column":0},"end":{"line":184,"column":128}},"184":{"start":{"line":185,"column":0},"end":{"line":185,"column":5}},"185":{"start":{"line":186,"column":0},"end":{"line":186,"column":5}},"186":{"start":{"line":187,"column":0},"end":{"line":187,"column":0}},"187":{"start":{"line":188,"column":0},"end":{"line":188,"column":10}},"188":{"start":{"line":189,"column":0},"end":{"line":189,"column":28}},"189":{"start":{"line":190,"column":0},"end":{"line":190,"column":22}},"190":{"start":{"line":191,"column":0},"end":{"line":191,"column":17}},"191":{"start":{"line":192,"column":0},"end":{"line":192,"column":53}},"192":{"start":{"line":193,"column":0},"end":{"line":193,"column":37}},"193":{"start":{"line":194,"column":0},"end":{"line":194,"column":4}},"194":{"start":{"line":195,"column":0},"end":{"line":195,"column":1}},"195":{"start":{"line":196,"column":0},"end":{"line":196,"column":0}},"196":{"start":{"line":197,"column":0},"end":{"line":197,"column":53}},"197":{"start":{"line":198,"column":0},"end":{"line":198,"column":333}},"198":{"start":{"line":199,"column":0},"end":{"line":199,"column":0}},"199":{"start":{"line":200,"column":0},"end":{"line":200,"column":22}},"200":{"start":{"line":201,"column":0},"end":{"line":201,"column":2}},"201":{"start":{"line":202,"column":0},"end":{"line":202,"column":0}},"202":{"start":{"line":203,"column":0},"end":{"line":203,"column":103}},"203":{"start":{"line":204,"column":0},"end":{"line":204,"column":38}},"204":{"start":{"line":205,"column":0},"end":{"line":205,"column":54}},"205":{"start":{"line":206,"column":0},"end":{"line":206,"column":2}},"206":{"start":{"line":207,"column":0},"end":{"line":207,"column":20}},"207":{"start":{"line":208,"column":0},"end":{"line":208,"column":20}},"208":{"start":{"line":209,"column":0},"end":{"line":209,"column":13}},"209":{"start":{"line":210,"column":0},"end":{"line":210,"column":32}},"210":{"start":{"line":211,"column":0},"end":{"line":211,"column":38}},"211":{"start":{"line":212,"column":0},"end":{"line":212,"column":43}},"212":{"start":{"line":213,"column":0},"end":{"line":213,"column":4}},"213":{"start":{"line":214,"column":0},"end":{"line":214,"column":0}},"214":{"start":{"line":215,"column":0},"end":{"line":215,"column":19}},"215":{"start":{"line":216,"column":0},"end":{"line":216,"column":18}},"216":{"start":{"line":217,"column":0},"end":{"line":217,"column":0}},"217":{"start":{"line":218,"column":0},"end":{"line":218,"column":30}},"218":{"start":{"line":219,"column":0},"end":{"line":219,"column":103}},"219":{"start":{"line":220,"column":0},"end":{"line":220,"column":49}},"220":{"start":{"line":221,"column":0},"end":{"line":221,"column":10}},"221":{"start":{"line":222,"column":0},"end":{"line":222,"column":9}},"222":{"start":{"line":223,"column":0},"end":{"line":223,"column":56}},"223":{"start":{"line":224,"column":0},"end":{"line":224,"column":34}},"224":{"start":{"line":225,"column":0},"end":{"line":225,"column":19}},"225":{"start":{"line":226,"column":0},"end":{"line":226,"column":122}},"226":{"start":{"line":227,"column":0},"end":{"line":227,"column":84}},"227":{"start":{"line":228,"column":0},"end":{"line":228,"column":9}},"228":{"start":{"line":229,"column":0},"end":{"line":229,"column":9}},"229":{"start":{"line":230,"column":0},"end":{"line":230,"column":39}},"230":{"start":{"line":231,"column":0},"end":{"line":231,"column":60}},"231":{"start":{"line":232,"column":0},"end":{"line":232,"column":91}},"232":{"start":{"line":233,"column":0},"end":{"line":233,"column":85}},"233":{"start":{"line":234,"column":0},"end":{"line":234,"column":17}},"234":{"start":{"line":235,"column":0},"end":{"line":235,"column":105}},"235":{"start":{"line":236,"column":0},"end":{"line":236,"column":51}},"236":{"start":{"line":237,"column":0},"end":{"line":237,"column":5}},"237":{"start":{"line":238,"column":0},"end":{"line":238,"column":3}},"238":{"start":{"line":239,"column":0},"end":{"line":239,"column":0}},"239":{"start":{"line":240,"column":0},"end":{"line":240,"column":10}},"240":{"start":{"line":241,"column":0},"end":{"line":241,"column":12}},"241":{"start":{"line":242,"column":0},"end":{"line":242,"column":10}},"242":{"start":{"line":243,"column":0},"end":{"line":243,"column":4}},"243":{"start":{"line":244,"column":0},"end":{"line":244,"column":1}},"244":{"start":{"line":245,"column":0},"end":{"line":245,"column":0}},"245":{"start":{"line":246,"column":0},"end":{"line":246,"column":42}},"246":{"start":{"line":247,"column":0},"end":{"line":247,"column":78}},"247":{"start":{"line":248,"column":0},"end":{"line":248,"column":57}},"248":{"start":{"line":249,"column":0},"end":{"line":249,"column":47}},"249":{"start":{"line":250,"column":0},"end":{"line":250,"column":0}},"250":{"start":{"line":251,"column":0},"end":{"line":251,"column":125}},"251":{"start":{"line":252,"column":0},"end":{"line":252,"column":77}},"252":{"start":{"line":253,"column":0},"end":{"line":253,"column":96}},"253":{"start":{"line":254,"column":0},"end":{"line":254,"column":52}},"254":{"start":{"line":255,"column":0},"end":{"line":255,"column":31}},"255":{"start":{"line":256,"column":0},"end":{"line":256,"column":108}},"256":{"start":{"line":257,"column":0},"end":{"line":257,"column":0}},"257":{"start":{"line":258,"column":0},"end":{"line":258,"column":30}},"258":{"start":{"line":259,"column":0},"end":{"line":259,"column":159}},"259":{"start":{"line":260,"column":0},"end":{"line":260,"column":0}},"260":{"start":{"line":261,"column":0},"end":{"line":261,"column":21}},"261":{"start":{"line":262,"column":0},"end":{"line":262,"column":22}},"262":{"start":{"line":263,"column":0},"end":{"line":263,"column":26}},"263":{"start":{"line":264,"column":0},"end":{"line":264,"column":23}},"264":{"start":{"line":265,"column":0},"end":{"line":265,"column":37}},"265":{"start":{"line":266,"column":0},"end":{"line":266,"column":27}},"266":{"start":{"line":267,"column":0},"end":{"line":267,"column":4}},"267":{"start":{"line":268,"column":0},"end":{"line":268,"column":0}},"268":{"start":{"line":269,"column":0},"end":{"line":269,"column":30}},"269":{"start":{"line":270,"column":0},"end":{"line":270,"column":9}},"270":{"start":{"line":271,"column":0},"end":{"line":271,"column":56}},"271":{"start":{"line":272,"column":0},"end":{"line":272,"column":34}},"272":{"start":{"line":273,"column":0},"end":{"line":273,"column":19}},"273":{"start":{"line":274,"column":0},"end":{"line":274,"column":62}},"274":{"start":{"line":275,"column":0},"end":{"line":275,"column":58}},"275":{"start":{"line":276,"column":0},"end":{"line":276,"column":9}},"276":{"start":{"line":277,"column":0},"end":{"line":277,"column":9}},"277":{"start":{"line":278,"column":0},"end":{"line":278,"column":39}},"278":{"start":{"line":279,"column":0},"end":{"line":279,"column":46}},"279":{"start":{"line":280,"column":0},"end":{"line":280,"column":18}},"280":{"start":{"line":281,"column":0},"end":{"line":281,"column":43}},"281":{"start":{"line":282,"column":0},"end":{"line":282,"column":7}},"282":{"start":{"line":283,"column":0},"end":{"line":283,"column":17}},"283":{"start":{"line":284,"column":0},"end":{"line":284,"column":59}},"284":{"start":{"line":285,"column":0},"end":{"line":285,"column":5}},"285":{"start":{"line":286,"column":0},"end":{"line":286,"column":10}},"286":{"start":{"line":287,"column":0},"end":{"line":287,"column":55}},"287":{"start":{"line":288,"column":0},"end":{"line":288,"column":106}},"288":{"start":{"line":289,"column":0},"end":{"line":289,"column":43}},"289":{"start":{"line":290,"column":0},"end":{"line":290,"column":36}},"290":{"start":{"line":291,"column":0},"end":{"line":291,"column":37}},"291":{"start":{"line":292,"column":0},"end":{"line":292,"column":107}},"292":{"start":{"line":293,"column":0},"end":{"line":293,"column":109}},"293":{"start":{"line":294,"column":0},"end":{"line":294,"column":39}},"294":{"start":{"line":295,"column":0},"end":{"line":295,"column":36}},"295":{"start":{"line":296,"column":0},"end":{"line":296,"column":37}},"296":{"start":{"line":297,"column":0},"end":{"line":297,"column":69}},"297":{"start":{"line":298,"column":0},"end":{"line":298,"column":5}},"298":{"start":{"line":299,"column":0},"end":{"line":299,"column":3}},"299":{"start":{"line":300,"column":0},"end":{"line":300,"column":0}},"300":{"start":{"line":301,"column":0},"end":{"line":301,"column":62}},"301":{"start":{"line":302,"column":0},"end":{"line":302,"column":124}},"302":{"start":{"line":303,"column":0},"end":{"line":303,"column":28}},"303":{"start":{"line":304,"column":0},"end":{"line":304,"column":55}},"304":{"start":{"line":305,"column":0},"end":{"line":305,"column":70}},"305":{"start":{"line":306,"column":0},"end":{"line":306,"column":42}},"306":{"start":{"line":307,"column":0},"end":{"line":307,"column":112}},"307":{"start":{"line":308,"column":0},"end":{"line":308,"column":36}},"308":{"start":{"line":309,"column":0},"end":{"line":309,"column":5}},"309":{"start":{"line":310,"column":0},"end":{"line":310,"column":3}},"310":{"start":{"line":311,"column":0},"end":{"line":311,"column":2}},"311":{"start":{"line":312,"column":0},"end":{"line":312,"column":41}},"312":{"start":{"line":313,"column":0},"end":{"line":313,"column":28}},"313":{"start":{"line":314,"column":0},"end":{"line":314,"column":39}},"314":{"start":{"line":315,"column":0},"end":{"line":315,"column":3}},"315":{"start":{"line":316,"column":0},"end":{"line":316,"column":0}},"316":{"start":{"line":317,"column":0},"end":{"line":317,"column":40}},"317":{"start":{"line":318,"column":0},"end":{"line":318,"column":70}},"318":{"start":{"line":319,"column":0},"end":{"line":319,"column":27}},"319":{"start":{"line":320,"column":0},"end":{"line":320,"column":0}},"320":{"start":{"line":321,"column":0},"end":{"line":321,"column":31}},"321":{"start":{"line":322,"column":0},"end":{"line":322,"column":106}},"322":{"start":{"line":323,"column":0},"end":{"line":323,"column":38}},"323":{"start":{"line":324,"column":0},"end":{"line":324,"column":107}},"324":{"start":{"line":325,"column":0},"end":{"line":325,"column":10}},"325":{"start":{"line":326,"column":0},"end":{"line":326,"column":126}},"326":{"start":{"line":327,"column":0},"end":{"line":327,"column":3}},"327":{"start":{"line":328,"column":0},"end":{"line":328,"column":0}},"328":{"start":{"line":329,"column":0},"end":{"line":329,"column":10}},"329":{"start":{"line":330,"column":0},"end":{"line":330,"column":21}},"330":{"start":{"line":331,"column":0},"end":{"line":331,"column":37}},"331":{"start":{"line":332,"column":0},"end":{"line":332,"column":35}},"332":{"start":{"line":333,"column":0},"end":{"line":333,"column":37}},"333":{"start":{"line":334,"column":0},"end":{"line":334,"column":50}},"334":{"start":{"line":335,"column":0},"end":{"line":335,"column":6}},"335":{"start":{"line":336,"column":0},"end":{"line":336,"column":47}},"336":{"start":{"line":337,"column":0},"end":{"line":337,"column":32}},"337":{"start":{"line":338,"column":0},"end":{"line":338,"column":36}},"338":{"start":{"line":339,"column":0},"end":{"line":339,"column":53}},"339":{"start":{"line":340,"column":0},"end":{"line":340,"column":56}},"340":{"start":{"line":341,"column":0},"end":{"line":341,"column":13}},"341":{"start":{"line":342,"column":0},"end":{"line":342,"column":48}},"342":{"start":{"line":343,"column":0},"end":{"line":343,"column":31}},"343":{"start":{"line":344,"column":0},"end":{"line":344,"column":4}},"344":{"start":{"line":345,"column":0},"end":{"line":345,"column":1}}},"s":{"0":1,"1":1,"2":1,"3":1,"4":1,"5":1,"6":1,"7":1,"8":1,"9":1,"10":1,"11":1,"12":1,"13":1,"14":1,"15":1,"16":1,"17":1,"18":1,"19":1,"20":1,"21":1,"22":1,"23":1,"24":1,"25":1,"26":3,"27":2,"28":2,"29":2,"30":3,"31":3,"32":3,"33":3,"34":3,"35":3,"36":5,"37":4,"38":4,"39":4,"40":2,"41":2,"42":2,"43":2,"44":5,"45":1,"46":0,"47":0,"48":1,"49":1,"50":1,"51":1,"52":1,"53":1,"54":1,"55":1,"56":1,"57":2,"58":2,"59":2,"60":2,"61":2,"62":2,"63":2,"64":2,"65":2,"66":8,"67":1,"68":1,"69":8,"70":2,"71":16,"72":0,"73":0,"74":16,"75":2,"76":2,"77":2,"78":1,"79":1,"80":2,"81":2,"82":2,"83":1,"84":1,"85":1,"86":1,"87":0,"88":0,"89":1,"90":1,"91":1,"92":2,"93":2,"94":2,"95":2,"96":2,"97":2,"98":2,"99":2,"100":2,"101":2,"102":2,"103":2,"104":2,"105":8,"106":8,"107":8,"108":8,"109":8,"110":8,"111":8,"112":2,"113":2,"114":16,"115":16,"116":16,"117":16,"118":2,"119":2,"120":2,"121":2,"122":2,"123":2,"124":2,"125":2,"126":2,"127":1,"128":1,"129":1,"130":1,"131":0,"132":0,"133":2,"134":0,"135":0,"136":0,"137":0,"138":0,"139":0,"140":0,"141":0,"142":0,"143":0,"144":0,"145":0,"146":0,"147":0,"148":2,"149":2,"150":2,"151":2,"152":2,"153":2,"154":0,"155":0,"156":2,"157":2,"158":2,"159":2,"160":1,"161":1,"162":1,"163":1,"164":1,"165":0,"166":0,"167":0,"168":0,"169":0,"170":1,"171":2,"172":2,"173":2,"174":2,"175":2,"176":2,"177":2,"178":2,"179":2,"180":2,"181":2,"182":2,"183":2,"184":2,"185":2,"186":2,"187":2,"188":2,"189":2,"190":2,"191":2,"192":2,"193":2,"194":2,"195":1,"196":1,"197":1,"198":1,"199":1,"200":1,"201":1,"202":1,"203":1,"204":1,"205":1,"206":1,"207":1,"208":1,"209":1,"210":1,"211":1,"212":1,"213":1,"214":1,"215":1,"216":1,"217":1,"218":1,"219":1,"220":1,"221":0,"222":0,"223":0,"224":0,"225":0,"226":0,"227":0,"228":0,"229":0,"230":0,"231":0,"232":0,"233":0,"234":0,"235":0,"236":0,"237":0,"238":1,"239":1,"240":1,"241":1,"242":1,"243":1,"244":1,"245":1,"246":1,"247":1,"248":1,"249":1,"250":1,"251":1,"252":1,"253":1,"254":1,"255":1,"256":1,"257":1,"258":1,"259":1,"260":1,"261":1,"262":1,"263":1,"264":1,"265":1,"266":1,"267":1,"268":1,"269":0,"270":0,"271":0,"272":0,"273":0,"274":0,"275":0,"276":0,"277":0,"278":0,"279":0,"280":0,"281":0,"282":0,"283":0,"284":0,"285":1,"286":1,"287":1,"288":0,"289":0,"290":0,"291":0,"292":1,"293":1,"294":1,"295":1,"296":1,"297":1,"298":1,"299":1,"300":1,"301":1,"302":1,"303":1,"304":1,"305":1,"306":2,"307":2,"308":2,"309":1,"310":1,"311":1,"312":1,"313":1,"314":1,"315":1,"316":1,"317":1,"318":1,"319":1,"320":1,"321":0,"322":1,"323":0,"324":1,"325":1,"326":1,"327":1,"328":1,"329":1,"330":1,"331":1,"332":1,"333":1,"334":1,"335":1,"336":1,"337":1,"338":1,"339":1,"340":1,"341":1,"342":1,"343":1,"344":1},"branchMap":{"0":{"type":"branch","line":9,"loc":{"start":{"line":9,"column":33},"end":{"line":9,"column":80}},"locations":[{"start":{"line":9,"column":33},"end":{"line":9,"column":80}}]},"1":{"type":"branch","line":10,"loc":{"start":{"line":10,"column":15},"end":{"line":10,"column":40}},"locations":[{"start":{"line":10,"column":15},"end":{"line":10,"column":40}}]},"2":{"type":"branch","line":26,"loc":{"start":{"line":26,"column":7},"end":{"line":48,"column":1}},"locations":[{"start":{"line":26,"column":7},"end":{"line":48,"column":1}}]},"3":{"type":"branch","line":27,"loc":{"start":{"line":27,"column":29},"end":{"line":27,"column":48}},"locations":[{"start":{"line":27,"column":29},"end":{"line":27,"column":48}}]},"4":{"type":"branch","line":27,"loc":{"start":{"line":27,"column":46},"end":{"line":31,"column":27}},"locations":[{"start":{"line":27,"column":46},"end":{"line":31,"column":27}}]},"5":{"type":"branch","line":35,"loc":{"start":{"line":35,"column":43},"end":{"line":35,"column":51}},"locations":[{"start":{"line":35,"column":43},"end":{"line":35,"column":51}}]},"6":{"type":"branch","line":36,"loc":{"start":{"line":36,"column":38},"end":{"line":45,"column":5}},"locations":[{"start":{"line":36,"column":38},"end":{"line":45,"column":5}}]},"7":{"type":"branch","line":37,"loc":{"start":{"line":37,"column":34},"end":{"line":44,"column":7}},"locations":[{"start":{"line":37,"column":34},"end":{"line":44,"column":7}}]},"8":{"type":"branch","line":40,"loc":{"start":{"line":40,"column":34},"end":{"line":44,"column":7}},"locations":[{"start":{"line":40,"column":34},"end":{"line":44,"column":7}}]},"9":{"type":"branch","line":45,"loc":{"start":{"line":45,"column":4},"end":{"line":46,"column":3}},"locations":[{"start":{"line":45,"column":4},"end":{"line":46,"column":3}}]},"10":{"type":"branch","line":46,"loc":{"start":{"line":46,"column":2},"end":{"line":48,"column":1}},"locations":[{"start":{"line":46,"column":2},"end":{"line":48,"column":1}}]},"11":{"type":"branch","line":58,"loc":{"start":{"line":58,"column":0},"end":{"line":78,"column":1}},"locations":[{"start":{"line":58,"column":0},"end":{"line":78,"column":1}}]},"12":{"type":"branch","line":66,"loc":{"start":{"line":66,"column":32},"end":{"line":70,"column":3}},"locations":[{"start":{"line":66,"column":32},"end":{"line":70,"column":3}}]},"13":{"type":"branch","line":67,"loc":{"start":{"line":67,"column":57},"end":{"line":67,"column":116}},"locations":[{"start":{"line":67,"column":57},"end":{"line":67,"column":116}}]},"14":{"type":"branch","line":67,"loc":{"start":{"line":67,"column":116},"end":{"line":69,"column":5}},"locations":[{"start":{"line":67,"column":116},"end":{"line":69,"column":5}}]},"15":{"type":"branch","line":71,"loc":{"start":{"line":71,"column":25},"end":{"line":75,"column":3}},"locations":[{"start":{"line":71,"column":25},"end":{"line":75,"column":3}}]},"16":{"type":"branch","line":72,"loc":{"start":{"line":72,"column":110},"end":{"line":74,"column":5}},"locations":[{"start":{"line":72,"column":110},"end":{"line":74,"column":5}}]},"17":{"type":"branch","line":81,"loc":{"start":{"line":81,"column":0},"end":{"line":91,"column":1}},"locations":[{"start":{"line":81,"column":0},"end":{"line":91,"column":1}}]},"18":{"type":"branch","line":83,"loc":{"start":{"line":83,"column":26},"end":{"line":91,"column":1}},"locations":[{"start":{"line":83,"column":26},"end":{"line":91,"column":1}}]},"19":{"type":"branch","line":85,"loc":{"start":{"line":85,"column":28},"end":{"line":85,"column":57}},"locations":[{"start":{"line":85,"column":28},"end":{"line":85,"column":57}}]},"20":{"type":"branch","line":85,"loc":{"start":{"line":85,"column":52},"end":{"line":85,"column":84}},"locations":[{"start":{"line":85,"column":52},"end":{"line":85,"column":84}}]},"21":{"type":"branch","line":85,"loc":{"start":{"line":85,"column":79},"end":{"line":85,"column":113}},"locations":[{"start":{"line":85,"column":79},"end":{"line":85,"column":113}}]},"22":{"type":"branch","line":87,"loc":{"start":{"line":87,"column":4},"end":{"line":89,"column":3}},"locations":[{"start":{"line":87,"column":4},"end":{"line":89,"column":3}}]},"23":{"type":"branch","line":93,"loc":{"start":{"line":93,"column":0},"end":{"line":195,"column":1}},"locations":[{"start":{"line":93,"column":0},"end":{"line":195,"column":1}}]},"24":{"type":"branch","line":127,"loc":{"start":{"line":127,"column":35},"end":{"line":133,"column":5}},"locations":[{"start":{"line":127,"column":35},"end":{"line":133,"column":5}}]},"25":{"type":"branch","line":131,"loc":{"start":{"line":131,"column":4},"end":{"line":133,"column":5}},"locations":[{"start":{"line":131,"column":4},"end":{"line":133,"column":5}}]},"26":{"type":"branch","line":134,"loc":{"start":{"line":134,"column":2},"end":{"line":148,"column":3}},"locations":[{"start":{"line":134,"column":2},"end":{"line":148,"column":3}}]},"27":{"type":"branch","line":154,"loc":{"start":{"line":154,"column":33},"end":{"line":154,"column":124}},"locations":[{"start":{"line":154,"column":33},"end":{"line":154,"column":124}}]},"28":{"type":"branch","line":154,"loc":{"start":{"line":154,"column":124},"end":{"line":156,"column":3}},"locations":[{"start":{"line":154,"column":124},"end":{"line":156,"column":3}}]},"29":{"type":"branch","line":160,"loc":{"start":{"line":160,"column":34},"end":{"line":171,"column":3}},"locations":[{"start":{"line":160,"column":34},"end":{"line":171,"column":3}}]},"30":{"type":"branch","line":165,"loc":{"start":{"line":165,"column":4},"end":{"line":170,"column":5}},"locations":[{"start":{"line":165,"column":4},"end":{"line":170,"column":5}}]},"31":{"type":"branch","line":184,"loc":{"start":{"line":184,"column":55},"end":{"line":184,"column":128}},"locations":[{"start":{"line":184,"column":55},"end":{"line":184,"column":128}}]},"32":{"type":"branch","line":184,"loc":{"start":{"line":184,"column":89},"end":{"line":184,"column":128}},"locations":[{"start":{"line":184,"column":89},"end":{"line":184,"column":128}}]},"33":{"type":"branch","line":104,"loc":{"start":{"line":104,"column":29},"end":{"line":104,"column":56}},"locations":[{"start":{"line":104,"column":29},"end":{"line":104,"column":56}}]},"34":{"type":"branch","line":105,"loc":{"start":{"line":105,"column":29},"end":{"line":113,"column":6}},"locations":[{"start":{"line":105,"column":29},"end":{"line":113,"column":6}}]},"35":{"type":"branch","line":114,"loc":{"start":{"line":114,"column":21},"end":{"line":119,"column":6}},"locations":[{"start":{"line":114,"column":21},"end":{"line":119,"column":6}}]},"36":{"type":"branch","line":162,"loc":{"start":{"line":162,"column":42},"end":{"line":162,"column":67}},"locations":[{"start":{"line":162,"column":42},"end":{"line":162,"column":67}}]},"37":{"type":"branch","line":203,"loc":{"start":{"line":203,"column":0},"end":{"line":244,"column":1}},"locations":[{"start":{"line":203,"column":0},"end":{"line":244,"column":1}}]},"38":{"type":"branch","line":221,"loc":{"start":{"line":221,"column":2},"end":{"line":238,"column":3}},"locations":[{"start":{"line":221,"column":2},"end":{"line":238,"column":3}}]},"39":{"type":"branch","line":247,"loc":{"start":{"line":247,"column":0},"end":{"line":345,"column":1}},"locations":[{"start":{"line":247,"column":0},"end":{"line":345,"column":1}}]},"40":{"type":"branch","line":269,"loc":{"start":{"line":269,"column":29},"end":{"line":286,"column":9}},"locations":[{"start":{"line":269,"column":29},"end":{"line":286,"column":9}}]},"41":{"type":"branch","line":288,"loc":{"start":{"line":288,"column":105},"end":{"line":293,"column":15}},"locations":[{"start":{"line":288,"column":105},"end":{"line":293,"column":15}}]},"42":{"type":"branch","line":293,"loc":{"start":{"line":293,"column":59},"end":{"line":293,"column":108}},"locations":[{"start":{"line":293,"column":59},"end":{"line":293,"column":108}}]},"43":{"type":"branch","line":305,"loc":{"start":{"line":305,"column":62},"end":{"line":305,"column":70}},"locations":[{"start":{"line":305,"column":62},"end":{"line":305,"column":70}}]},"44":{"type":"branch","line":306,"loc":{"start":{"line":306,"column":41},"end":{"line":309,"column":5}},"locations":[{"start":{"line":306,"column":41},"end":{"line":309,"column":5}}]},"45":{"type":"branch","line":308,"loc":{"start":{"line":308,"column":30},"end":{"line":308,"column":36}},"locations":[{"start":{"line":308,"column":30},"end":{"line":308,"column":36}}]},"46":{"type":"branch","line":318,"loc":{"start":{"line":318,"column":44},"end":{"line":318,"column":70}},"locations":[{"start":{"line":318,"column":44},"end":{"line":318,"column":70}}]},"47":{"type":"branch","line":321,"loc":{"start":{"line":321,"column":30},"end":{"line":323,"column":13}},"locations":[{"start":{"line":321,"column":30},"end":{"line":323,"column":13}}]},"48":{"type":"branch","line":323,"loc":{"start":{"line":323,"column":37},"end":{"line":325,"column":9}},"locations":[{"start":{"line":323,"column":37},"end":{"line":325,"column":9}}]},"49":{"type":"branch","line":341,"loc":{"start":{"line":341,"column":4},"end":{"line":341,"column":13}},"locations":[{"start":{"line":341,"column":4},"end":{"line":341,"column":13}}]},"50":{"type":"branch","line":253,"loc":{"start":{"line":253,"column":73},"end":{"line":253,"column":82}},"locations":[{"start":{"line":253,"column":73},"end":{"line":253,"column":82}}]},"51":{"type":"branch","line":302,"loc":{"start":{"line":302,"column":43},"end":{"line":302,"column":122}},"locations":[{"start":{"line":302,"column":43},"end":{"line":302,"column":122}}]},"52":{"type":"branch","line":302,"loc":{"start":{"line":302,"column":81},"end":{"line":302,"column":122}},"locations":[{"start":{"line":302,"column":81},"end":{"line":302,"column":122}}]},"53":{"type":"branch","line":307,"loc":{"start":{"line":307,"column":43},"end":{"line":307,"column":110}},"locations":[{"start":{"line":307,"column":43},"end":{"line":307,"column":110}}]},"54":{"type":"branch","line":307,"loc":{"start":{"line":307,"column":69},"end":{"line":307,"column":110}},"locations":[{"start":{"line":307,"column":69},"end":{"line":307,"column":110}}]}},"b":{"0":[0],"1":[0],"2":[3],"3":[1],"4":[2],"5":[0],"6":[5],"7":[4],"8":[2],"9":[1],"10":[0],"11":[2],"12":[8],"13":[7],"14":[1],"15":[16],"16":[0],"17":[2],"18":[1],"19":[0],"20":[0],"21":[0],"22":[0],"23":[2],"24":[1],"25":[0],"26":[0],"27":[1],"28":[0],"29":[1],"30":[0],"31":[1],"32":[0],"33":[8],"34":[8],"35":[16],"36":[4],"37":[1],"38":[0],"39":[1],"40":[0],"41":[0],"42":[0],"43":[0],"44":[2],"45":[0],"46":[0],"47":[0],"48":[0],"49":[0],"50":[8],"51":[3],"52":[0],"53":[6],"54":[0]},"fnMap":{"0":{"name":"calculateRoute","decl":{"start":{"line":26,"column":7},"end":{"line":48,"column":1}},"loc":{"start":{"line":26,"column":7},"end":{"line":48,"column":1}},"line":26},"1":{"name":"verifyEntities","decl":{"start":{"line":58,"column":0},"end":{"line":78,"column":1}},"loc":{"start":{"line":58,"column":0},"end":{"line":78,"column":1}},"line":58},"2":{"name":"detectLanguage","decl":{"start":{"line":81,"column":0},"end":{"line":91,"column":1}},"loc":{"start":{"line":81,"column":0},"end":{"line":91,"column":1}},"line":81},"3":{"name":"askAssistant","decl":{"start":{"line":93,"column":0},"end":{"line":195,"column":1}},"loc":{"start":{"line":93,"column":0},"end":{"line":195,"column":1}},"line":93},"4":{"name":"generateSituationReport","decl":{"start":{"line":203,"column":0},"end":{"line":244,"column":1}},"loc":{"start":{"line":203,"column":0},"end":{"line":244,"column":1}},"line":203},"5":{"name":"draftIncident","decl":{"start":{"line":247,"column":0},"end":{"line":345,"column":1}},"loc":{"start":{"line":247,"column":0},"end":{"line":345,"column":1}},"line":247}},"f":{"0":3,"1":2,"2":2,"3":2,"4":1,"5":1}}
,"D:\\Stadium Pulse\\packages\\ai\\src\\index.ts": {"path":"D:\\Stadium Pulse\\packages\\ai\\src\\index.ts","all":true,"statementMap":{"0":{"start":{"line":1,"column":0},"end":{"line":1,"column":25}}},"s":{"0":0},"branchMap":{"0":{"type":"branch","line":1,"loc":{"start":{"line":1,"column":0},"end":{"line":1,"column":14}},"locations":[{"start":{"line":1,"column":0},"end":{"line":1,"column":14}}]}},"b":{"0":[0]},"fnMap":{"0":{"name":"(empty-report)","decl":{"start":{"line":1,"column":0},"end":{"line":1,"column":14}},"loc":{"start":{"line":1,"column":0},"end":{"line":1,"column":14}},"line":1}},"f":{"0":0}}
}
